<?xml version="1.0" encoding="UTF-8"?>
<!-- Generated by org.testng.reporters.JUnitReportReporter -->
<testsuite hostname="NihaarJetty" failures="0" tests="1" name="testCases.TC_001_AccountRegistration" time="2.932" errors="0" timestamp="2022-04-04T17:45:59 EDT" skipped="0">
  <testcase classname="testCases.TC_001_AccountRegistration" name="test_account_Registration" time="2.932"/>
  <system-out/>
</testsuite> <!-- testCases.TC_001_AccountRegistration -->
