<?xml version="1.0" encoding="UTF-8"?>
<!-- Generated by org.testng.reporters.JUnitReportReporter -->
<testsuite skipped="0" hostname="NihaarJetty" name="testCases.TC_002_Login" tests="1" failures="0" timestamp="2022-04-04T19:53:07 EDT" time="2.625" errors="0">
  <testcase name="test_Login" time="2.625" classname="testCases.TC_002_Login"/>
  <system-out/>
</testsuite> <!-- testCases.TC_002_Login -->
