<?xml version="1.0" encoding="UTF-8"?>
<!-- Generated by org.testng.reporters.JUnitReportReporter -->
<testsuite skipped="0" hostname="NihaarJetty" name="testCases.TC_001_AccountRegistration" tests="1" failures="0" timestamp="2022-04-04T19:53:07 EDT" time="2.899" errors="0">
  <testcase name="test_account_Registration" time="2.899" classname="testCases.TC_001_AccountRegistration"/>
  <system-out/>
</testsuite> <!-- testCases.TC_001_AccountRegistration -->
